{
  "contracts\\AccessControl\\DistributorRole.sol": {
    "l": {
      "20": 114,
      "25": 29,
      "26": 29,
      "31": 57,
      "36": 29,
      "41": 0,
      "46": 143,
      "47": 143,
      "52": 0,
      "53": 0
    },
    "path": "D:\\Workspace\\project\\backend\\contracts\\AccessControl\\DistributorRole.sol",
    "s": {
      "1": 114,
      "2": 29,
      "3": 57,
      "4": 29,
      "5": 0,
      "6": 143,
      "7": 143,
      "8": 0,
      "9": 0
    },
    "b": { "1": [29, 0], "2": [29, 0] },
    "f": { "1": 114, "2": 29, "3": 57, "4": 29, "5": 0, "6": 143, "7": 0 },
    "fnMap": {
      "1": {
        "name": "constructor",
        "line": 19,
        "loc": {
          "start": { "line": 19, "column": 2 },
          "end": { "line": 21, "column": 2 }
        }
      },
      "2": {
        "name": "onlyDistributor",
        "line": 24,
        "loc": {
          "start": { "line": 24, "column": 2 },
          "end": { "line": 27, "column": 2 }
        }
      },
      "3": {
        "name": "isDistributor",
        "line": 30,
        "loc": {
          "start": { "line": 30, "column": 2 },
          "end": { "line": 32, "column": 2 }
        }
      },
      "4": {
        "name": "addDistributor",
        "line": 35,
        "loc": {
          "start": { "line": 35, "column": 2 },
          "end": { "line": 37, "column": 2 }
        }
      },
      "5": {
        "name": "renounceDistributor",
        "line": 40,
        "loc": {
          "start": { "line": 40, "column": 2 },
          "end": { "line": 42, "column": 2 }
        }
      },
      "6": {
        "name": "_addDistributor",
        "line": 45,
        "loc": {
          "start": { "line": 45, "column": 2 },
          "end": { "line": 48, "column": 2 }
        }
      },
      "7": {
        "name": "_removeDistributor",
        "line": 51,
        "loc": {
          "start": { "line": 51, "column": 2 },
          "end": { "line": 54, "column": 2 }
        }
      }
    },
    "statementMap": {
      "1": {
        "start": { "line": 20, "column": 4 },
        "end": { "line": 20, "column": 30 }
      },
      "2": {
        "start": { "line": 25, "column": 4 },
        "end": { "line": 25, "column": 37 }
      },
      "3": {
        "start": { "line": 31, "column": 4 },
        "end": { "line": 31, "column": 36 }
      },
      "4": {
        "start": { "line": 36, "column": 4 },
        "end": { "line": 36, "column": 27 }
      },
      "5": {
        "start": { "line": 41, "column": 4 },
        "end": { "line": 41, "column": 33 }
      },
      "6": {
        "start": { "line": 46, "column": 4 },
        "end": { "line": 46, "column": 28 }
      },
      "7": {
        "start": { "line": 47, "column": 4 },
        "end": { "line": 47, "column": 34 }
      },
      "8": {
        "start": { "line": 52, "column": 4 },
        "end": { "line": 52, "column": 31 }
      },
      "9": {
        "start": { "line": 53, "column": 4 },
        "end": { "line": 53, "column": 36 }
      }
    },
    "branchMap": {
      "1": {
        "line": 25,
        "type": "if",
        "locations": [
          {
            "start": { "line": 25, "column": 4 },
            "end": { "line": 25, "column": 4 }
          },
          {
            "start": { "line": 25, "column": 4 },
            "end": { "line": 25, "column": 4 }
          }
        ]
      },
      "2": {
        "line": 35,
        "type": "if",
        "locations": [
          {
            "start": { "line": 35, "column": 52 },
            "end": { "line": 35, "column": 52 }
          },
          {
            "start": { "line": 35, "column": 52 },
            "end": { "line": 35, "column": 52 }
          }
        ]
      }
    }
  },
  "contracts\\AccessControl\\ManufacturerRole.sol": {
    "l": {
      "20": 114,
      "25": 29,
      "26": 29,
      "31": 91,
      "36": 29,
      "41": 0,
      "46": 143,
      "47": 143,
      "52": 0,
      "53": 0
    },
    "path": "D:\\Workspace\\project\\backend\\contracts\\AccessControl\\ManufacturerRole.sol",
    "s": {
      "1": 114,
      "2": 29,
      "3": 91,
      "4": 29,
      "5": 0,
      "6": 143,
      "7": 143,
      "8": 0,
      "9": 0
    },
    "b": { "1": [29, 0], "2": [29, 0] },
    "f": { "1": 114, "2": 29, "3": 91, "4": 29, "5": 0, "6": 143, "7": 0 },
    "fnMap": {
      "1": {
        "name": "constructor",
        "line": 19,
        "loc": {
          "start": { "line": 19, "column": 2 },
          "end": { "line": 21, "column": 2 }
        }
      },
      "2": {
        "name": "onlyManufacturer",
        "line": 24,
        "loc": {
          "start": { "line": 24, "column": 2 },
          "end": { "line": 27, "column": 2 }
        }
      },
      "3": {
        "name": "isManufacturer",
        "line": 30,
        "loc": {
          "start": { "line": 30, "column": 2 },
          "end": { "line": 32, "column": 2 }
        }
      },
      "4": {
        "name": "addManufacturer",
        "line": 35,
        "loc": {
          "start": { "line": 35, "column": 2 },
          "end": { "line": 37, "column": 2 }
        }
      },
      "5": {
        "name": "renounceManufacturer",
        "line": 40,
        "loc": {
          "start": { "line": 40, "column": 2 },
          "end": { "line": 42, "column": 2 }
        }
      },
      "6": {
        "name": "_addManufacturer",
        "line": 45,
        "loc": {
          "start": { "line": 45, "column": 2 },
          "end": { "line": 48, "column": 2 }
        }
      },
      "7": {
        "name": "_removeManufacturer",
        "line": 51,
        "loc": {
          "start": { "line": 51, "column": 2 },
          "end": { "line": 54, "column": 2 }
        }
      }
    },
    "statementMap": {
      "1": {
        "start": { "line": 20, "column": 4 },
        "end": { "line": 20, "column": 31 }
      },
      "2": {
        "start": { "line": 25, "column": 4 },
        "end": { "line": 25, "column": 38 }
      },
      "3": {
        "start": { "line": 31, "column": 4 },
        "end": { "line": 31, "column": 37 }
      },
      "4": {
        "start": { "line": 36, "column": 4 },
        "end": { "line": 36, "column": 28 }
      },
      "5": {
        "start": { "line": 41, "column": 4 },
        "end": { "line": 41, "column": 34 }
      },
      "6": {
        "start": { "line": 46, "column": 4 },
        "end": { "line": 46, "column": 29 }
      },
      "7": {
        "start": { "line": 47, "column": 4 },
        "end": { "line": 47, "column": 35 }
      },
      "8": {
        "start": { "line": 52, "column": 4 },
        "end": { "line": 52, "column": 32 }
      },
      "9": {
        "start": { "line": 53, "column": 4 },
        "end": { "line": 53, "column": 37 }
      }
    },
    "branchMap": {
      "1": {
        "line": 25,
        "type": "if",
        "locations": [
          {
            "start": { "line": 25, "column": 4 },
            "end": { "line": 25, "column": 4 }
          },
          {
            "start": { "line": 25, "column": 4 },
            "end": { "line": 25, "column": 4 }
          }
        ]
      },
      "2": {
        "line": 35,
        "type": "if",
        "locations": [
          {
            "start": { "line": 35, "column": 53 },
            "end": { "line": 35, "column": 53 }
          },
          {
            "start": { "line": 35, "column": 53 },
            "end": { "line": 35, "column": 53 }
          }
        ]
      }
    }
  },
  "contracts\\AccessControl\\RetailerRole.sol": {
    "l": {
      "20": 114,
      "25": 22,
      "26": 22,
      "31": 23,
      "36": 22,
      "41": 0,
      "46": 136,
      "47": 135,
      "52": 0,
      "53": 0
    },
    "path": "D:\\Workspace\\project\\backend\\contracts\\AccessControl\\RetailerRole.sol",
    "s": {
      "1": 114,
      "2": 22,
      "3": 23,
      "4": 22,
      "5": 0,
      "6": 136,
      "7": 135,
      "8": 0,
      "9": 0
    },
    "b": { "1": [22, 0], "2": [22, 0] },
    "f": { "1": 114, "2": 22, "3": 23, "4": 22, "5": 0, "6": 136, "7": 0 },
    "fnMap": {
      "1": {
        "name": "constructor",
        "line": 19,
        "loc": {
          "start": { "line": 19, "column": 2 },
          "end": { "line": 21, "column": 2 }
        }
      },
      "2": {
        "name": "onlyRetailer",
        "line": 24,
        "loc": {
          "start": { "line": 24, "column": 2 },
          "end": { "line": 27, "column": 2 }
        }
      },
      "3": {
        "name": "isRetailer",
        "line": 30,
        "loc": {
          "start": { "line": 30, "column": 2 },
          "end": { "line": 32, "column": 2 }
        }
      },
      "4": {
        "name": "addRetailer",
        "line": 35,
        "loc": {
          "start": { "line": 35, "column": 2 },
          "end": { "line": 37, "column": 2 }
        }
      },
      "5": {
        "name": "renounceRetailer",
        "line": 40,
        "loc": {
          "start": { "line": 40, "column": 2 },
          "end": { "line": 42, "column": 2 }
        }
      },
      "6": {
        "name": "_addRetailer",
        "line": 45,
        "loc": {
          "start": { "line": 45, "column": 2 },
          "end": { "line": 48, "column": 2 }
        }
      },
      "7": {
        "name": "_removeRetailer",
        "line": 51,
        "loc": {
          "start": { "line": 51, "column": 2 },
          "end": { "line": 54, "column": 2 }
        }
      }
    },
    "statementMap": {
      "1": {
        "start": { "line": 20, "column": 4 },
        "end": { "line": 20, "column": 27 }
      },
      "2": {
        "start": { "line": 25, "column": 4 },
        "end": { "line": 25, "column": 34 }
      },
      "3": {
        "start": { "line": 31, "column": 4 },
        "end": { "line": 31, "column": 33 }
      },
      "4": {
        "start": { "line": 36, "column": 4 },
        "end": { "line": 36, "column": 24 }
      },
      "5": {
        "start": { "line": 41, "column": 4 },
        "end": { "line": 41, "column": 30 }
      },
      "6": {
        "start": { "line": 46, "column": 4 },
        "end": { "line": 46, "column": 25 }
      },
      "7": {
        "start": { "line": 47, "column": 4 },
        "end": { "line": 47, "column": 31 }
      },
      "8": {
        "start": { "line": 52, "column": 4 },
        "end": { "line": 52, "column": 28 }
      },
      "9": {
        "start": { "line": 53, "column": 4 },
        "end": { "line": 53, "column": 33 }
      }
    },
    "branchMap": {
      "1": {
        "line": 25,
        "type": "if",
        "locations": [
          {
            "start": { "line": 25, "column": 4 },
            "end": { "line": 25, "column": 4 }
          },
          {
            "start": { "line": 25, "column": 4 },
            "end": { "line": 25, "column": 4 }
          }
        ]
      },
      "2": {
        "line": 35,
        "type": "if",
        "locations": [
          {
            "start": { "line": 35, "column": 49 },
            "end": { "line": 35, "column": 49 }
          },
          {
            "start": { "line": 35, "column": 49 },
            "end": { "line": 35, "column": 49 }
          }
        ]
      }
    }
  },
  "contracts\\AccessControl\\Roles.sol": {
    "l": {
      "18": 565,
      "19": 565,
      "21": 564,
      "28": 0,
      "29": 0,
      "31": 0,
      "43": 766,
      "44": 766
    },
    "path": "D:\\Workspace\\project\\backend\\contracts\\AccessControl\\Roles.sol",
    "s": { "1": 565, "2": 565, "3": 0, "4": 0, "5": 766, "6": 766 },
    "b": {
      "1": [565, 0],
      "2": [564, 1],
      "3": [0, 0],
      "4": [0, 0],
      "5": [766, 0]
    },
    "f": { "1": 565, "2": 0, "3": 766 },
    "fnMap": {
      "1": {
        "name": "add",
        "line": 17,
        "loc": {
          "start": { "line": 17, "column": 2 },
          "end": { "line": 22, "column": 2 }
        }
      },
      "2": {
        "name": "remove",
        "line": 27,
        "loc": {
          "start": { "line": 27, "column": 2 },
          "end": { "line": 32, "column": 2 }
        }
      },
      "3": {
        "name": "has",
        "line": 38,
        "loc": {
          "start": { "line": 38, "column": 2 },
          "end": { "line": 45, "column": 2 }
        }
      }
    },
    "statementMap": {
      "1": {
        "start": { "line": 18, "column": 4 },
        "end": { "line": 18, "column": 33 }
      },
      "2": {
        "start": { "line": 19, "column": 4 },
        "end": { "line": 19, "column": 31 }
      },
      "3": {
        "start": { "line": 28, "column": 4 },
        "end": { "line": 28, "column": 33 }
      },
      "4": {
        "start": { "line": 29, "column": 4 },
        "end": { "line": 29, "column": 30 }
      },
      "5": {
        "start": { "line": 43, "column": 4 },
        "end": { "line": 43, "column": 33 }
      },
      "6": {
        "start": { "line": 44, "column": 4 },
        "end": { "line": 44, "column": 31 }
      }
    },
    "branchMap": {
      "1": {
        "line": 18,
        "type": "if",
        "locations": [
          {
            "start": { "line": 18, "column": 4 },
            "end": { "line": 18, "column": 4 }
          },
          {
            "start": { "line": 18, "column": 4 },
            "end": { "line": 18, "column": 4 }
          }
        ]
      },
      "2": {
        "line": 19,
        "type": "if",
        "locations": [
          {
            "start": { "line": 19, "column": 4 },
            "end": { "line": 19, "column": 4 }
          },
          {
            "start": { "line": 19, "column": 4 },
            "end": { "line": 19, "column": 4 }
          }
        ]
      },
      "3": {
        "line": 28,
        "type": "if",
        "locations": [
          {
            "start": { "line": 28, "column": 4 },
            "end": { "line": 28, "column": 4 }
          },
          {
            "start": { "line": 28, "column": 4 },
            "end": { "line": 28, "column": 4 }
          }
        ]
      },
      "4": {
        "line": 29,
        "type": "if",
        "locations": [
          {
            "start": { "line": 29, "column": 4 },
            "end": { "line": 29, "column": 4 }
          },
          {
            "start": { "line": 29, "column": 4 },
            "end": { "line": 29, "column": 4 }
          }
        ]
      },
      "5": {
        "line": 43,
        "type": "if",
        "locations": [
          {
            "start": { "line": 43, "column": 4 },
            "end": { "line": 43, "column": 4 }
          },
          {
            "start": { "line": 43, "column": 4 },
            "end": { "line": 43, "column": 4 }
          }
        ]
      }
    }
  },
  "contracts\\AccessControl\\WholesalerRole.sol": {
    "l": {
      "20": 114,
      "25": 29,
      "26": 29,
      "31": 30,
      "36": 29,
      "41": 0,
      "46": 143,
      "47": 143,
      "52": 0,
      "53": 0
    },
    "path": "D:\\Workspace\\project\\backend\\contracts\\AccessControl\\WholesalerRole.sol",
    "s": {
      "1": 114,
      "2": 29,
      "3": 30,
      "4": 29,
      "5": 0,
      "6": 143,
      "7": 143,
      "8": 0,
      "9": 0
    },
    "b": { "1": [29, 0], "2": [29, 0] },
    "f": { "1": 114, "2": 29, "3": 30, "4": 29, "5": 0, "6": 143, "7": 0 },
    "fnMap": {
      "1": {
        "name": "constructor",
        "line": 19,
        "loc": {
          "start": { "line": 19, "column": 2 },
          "end": { "line": 21, "column": 2 }
        }
      },
      "2": {
        "name": "onlyWholesaler",
        "line": 24,
        "loc": {
          "start": { "line": 24, "column": 2 },
          "end": { "line": 27, "column": 2 }
        }
      },
      "3": {
        "name": "isWholesaler",
        "line": 30,
        "loc": {
          "start": { "line": 30, "column": 2 },
          "end": { "line": 32, "column": 2 }
        }
      },
      "4": {
        "name": "addWholesaler",
        "line": 35,
        "loc": {
          "start": { "line": 35, "column": 2 },
          "end": { "line": 37, "column": 2 }
        }
      },
      "5": {
        "name": "renounceWholesaler",
        "line": 40,
        "loc": {
          "start": { "line": 40, "column": 2 },
          "end": { "line": 42, "column": 2 }
        }
      },
      "6": {
        "name": "_addWholesaler",
        "line": 45,
        "loc": {
          "start": { "line": 45, "column": 2 },
          "end": { "line": 48, "column": 2 }
        }
      },
      "7": {
        "name": "_removeWholesaler",
        "line": 51,
        "loc": {
          "start": { "line": 51, "column": 2 },
          "end": { "line": 54, "column": 2 }
        }
      }
    },
    "statementMap": {
      "1": {
        "start": { "line": 20, "column": 4 },
        "end": { "line": 20, "column": 29 }
      },
      "2": {
        "start": { "line": 25, "column": 4 },
        "end": { "line": 25, "column": 36 }
      },
      "3": {
        "start": { "line": 31, "column": 4 },
        "end": { "line": 31, "column": 35 }
      },
      "4": {
        "start": { "line": 36, "column": 4 },
        "end": { "line": 36, "column": 26 }
      },
      "5": {
        "start": { "line": 41, "column": 4 },
        "end": { "line": 41, "column": 32 }
      },
      "6": {
        "start": { "line": 46, "column": 4 },
        "end": { "line": 46, "column": 27 }
      },
      "7": {
        "start": { "line": 47, "column": 4 },
        "end": { "line": 47, "column": 33 }
      },
      "8": {
        "start": { "line": 52, "column": 4 },
        "end": { "line": 52, "column": 30 }
      },
      "9": {
        "start": { "line": 53, "column": 4 },
        "end": { "line": 53, "column": 35 }
      }
    },
    "branchMap": {
      "1": {
        "line": 25,
        "type": "if",
        "locations": [
          {
            "start": { "line": 25, "column": 4 },
            "end": { "line": 25, "column": 4 }
          },
          {
            "start": { "line": 25, "column": 4 },
            "end": { "line": 25, "column": 4 }
          }
        ]
      },
      "2": {
        "line": 35,
        "type": "if",
        "locations": [
          {
            "start": { "line": 35, "column": 51 },
            "end": { "line": 35, "column": 51 }
          },
          {
            "start": { "line": 35, "column": 51 },
            "end": { "line": 35, "column": 51 }
          }
        ]
      }
    }
  },
  "contracts\\OrderManagement.sol": {
    "l": {
      "12": 84,
      "13": 84,
      "43": 22,
      "55": 22,
      "56": 22,
      "57": 22,
      "58": 22,
      "59": 22,
      "73": 13,
      "74": 13,
      "75": 13,
      "76": 13,
      "77": 13,
      "78": 13,
      "79": 13,
      "94": 2,
      "95": 2,
      "96": 2,
      "97": 2,
      "102": 2,
      "107": 2,
      "122": 6,
      "123": 6,
      "124": 6,
      "125": 6,
      "130": 6,
      "135": 6,
      "150": 2,
      "151": 2,
      "152": 2,
      "153": 2,
      "158": 2,
      "163": 2,
      "178": 3,
      "179": 3,
      "180": 3,
      "181": 3,
      "186": 3,
      "191": 3,
      "201": 3,
      "202": 3,
      "203": 3,
      "204": 3,
      "215": 7,
      "219": 0,
      "225": 0,
      "231": 0,
      "237": 0,
      "241": 0,
      "251": 70,
      "252": 44,
      "254": 12,
      "255": 12,
      "257": 4,
      "258": 4,
      "260": 6,
      "261": 6,
      "263": 4,
      "264": 4,
      "272": 26,
      "273": 20,
      "277": 20,
      "278": 20,
      "279": 20,
      "285": 84,
      "292": 0,
      "298": 28,
      "302": 27,
      "306": 8,
      "310": 7,
      "314": 14,
      "318": 13,
      "322": 3,
      "326": 2,
      "330": 7,
      "334": 6,
      "338": 3,
      "342": 2,
      "346": 4,
      "350": 3,
      "354": 0,
      "358": 0,
      "362": 0,
      "366": 0,
      "370": 52,
      "377": 51
    },
    "path": "D:\\Workspace\\project\\backend\\contracts\\OrderManagement.sol",
    "s": {
      "1": 22,
      "2": 22,
      "3": 22,
      "4": 22,
      "5": 22,
      "6": 13,
      "7": 13,
      "8": 2,
      "9": 2,
      "10": 2,
      "11": 2,
      "12": 6,
      "13": 6,
      "14": 6,
      "15": 6,
      "16": 2,
      "17": 2,
      "18": 2,
      "19": 2,
      "20": 3,
      "21": 3,
      "22": 3,
      "23": 3,
      "24": 3,
      "25": 3,
      "26": 7,
      "27": 0,
      "28": 0,
      "29": 0,
      "30": 0,
      "31": 0,
      "32": 70,
      "33": 44,
      "34": 26,
      "35": 12,
      "36": 12,
      "37": 14,
      "38": 4,
      "39": 4,
      "40": 10,
      "41": 6,
      "42": 6,
      "43": 4,
      "44": 4,
      "45": 4,
      "46": 26,
      "47": 20,
      "48": 20,
      "49": 84,
      "50": 28,
      "51": 8,
      "52": 14,
      "53": 3,
      "54": 7,
      "55": 3,
      "56": 4,
      "57": 0,
      "58": 0,
      "59": 52
    },
    "b": {
      "1": [22, 1],
      "2": [14, 1],
      "3": [13, 1],
      "4": [13, 0],
      "5": [3, 0],
      "6": [2, 1],
      "7": [2, 0],
      "8": [7, 0],
      "9": [6, 1],
      "10": [6, 0],
      "11": [3, 1],
      "12": [2, 1],
      "13": [2, 0],
      "14": [4, 0],
      "15": [3, 1],
      "16": [3, 0],
      "17": [3, 0],
      "18": [3, 0],
      "19": [44, 26],
      "20": [12, 14],
      "21": [4, 10],
      "22": [6, 4],
      "23": [4, 0],
      "24": [20, 0],
      "25": [27, 1],
      "26": [7, 1],
      "27": [13, 1],
      "28": [2, 1],
      "29": [6, 1],
      "30": [2, 1],
      "31": [3, 1],
      "32": [0, 0],
      "33": [0, 0],
      "34": [51, 1],
      "35": [24, 27],
      "36": [27, 0],
      "37": [0, 0]
    },
    "f": {
      "1": 84,
      "2": 22,
      "3": 13,
      "4": 2,
      "5": 6,
      "6": 2,
      "7": 3,
      "8": 3,
      "9": 7,
      "10": 0,
      "11": 0,
      "12": 0,
      "13": 0,
      "14": 0,
      "15": 70,
      "16": 26,
      "17": 84,
      "18": 0,
      "19": 28,
      "20": 8,
      "21": 14,
      "22": 3,
      "23": 7,
      "24": 3,
      "25": 4,
      "26": 0,
      "27": 0,
      "28": 52
    },
    "fnMap": {
      "1": {
        "name": "constructor",
        "line": 11,
        "loc": {
          "start": { "line": 11, "column": 4 },
          "end": { "line": 14, "column": 4 }
        }
      },
      "2": {
        "name": "createOrder",
        "line": 42,
        "loc": {
          "start": { "line": 38, "column": 4 },
          "end": { "line": 60, "column": 4 }
        }
      },
      "3": {
        "name": "confirmOrder",
        "line": 71,
        "loc": {
          "start": { "line": 62, "column": 4 },
          "end": { "line": 84, "column": 4 }
        }
      },
      "4": {
        "name": "rejectOrder",
        "line": 92,
        "loc": {
          "start": { "line": 86, "column": 4 },
          "end": { "line": 112, "column": 4 }
        }
      },
      "5": {
        "name": "shipOrder",
        "line": 120,
        "loc": {
          "start": { "line": 114, "column": 4 },
          "end": { "line": 140, "column": 4 }
        }
      },
      "6": {
        "name": "acceptOrder",
        "line": 148,
        "loc": {
          "start": { "line": 142, "column": 4 },
          "end": { "line": 168, "column": 4 }
        }
      },
      "7": {
        "name": "cancelOrder",
        "line": 176,
        "loc": {
          "start": { "line": 170, "column": 4 },
          "end": { "line": 196, "column": 4 }
        }
      },
      "8": {
        "name": "onholdOrder",
        "line": 200,
        "loc": {
          "start": { "line": 198, "column": 4 },
          "end": { "line": 209, "column": 4 }
        }
      },
      "9": {
        "name": "getOrder",
        "line": 212,
        "loc": {
          "start": { "line": 212, "column": 4 },
          "end": { "line": 216, "column": 4 }
        }
      },
      "10": {
        "name": "getOrders",
        "line": 218,
        "loc": {
          "start": { "line": 218, "column": 4 },
          "end": { "line": 220, "column": 4 }
        }
      },
      "11": {
        "name": "getOngoingOrders",
        "line": 222,
        "loc": {
          "start": { "line": 222, "column": 4 },
          "end": { "line": 226, "column": 4 }
        }
      },
      "12": {
        "name": "getShippedOrders",
        "line": 228,
        "loc": {
          "start": { "line": 228, "column": 4 },
          "end": { "line": 232, "column": 4 }
        }
      },
      "13": {
        "name": "getFinishOrders",
        "line": 234,
        "loc": {
          "start": { "line": 234, "column": 4 },
          "end": { "line": 238, "column": 4 }
        }
      },
      "14": {
        "name": "getNonce",
        "line": 240,
        "loc": {
          "start": { "line": 240, "column": 4 },
          "end": { "line": 242, "column": 4 }
        }
      },
      "15": {
        "name": "linkedOrderHandler",
        "line": 246,
        "loc": {
          "start": { "line": 246, "column": 4 },
          "end": { "line": 266, "column": 4 }
        }
      },
      "16": {
        "name": "popMatchOrder",
        "line": 268,
        "loc": {
          "start": { "line": 268, "column": 4 },
          "end": { "line": 282, "column": 4 }
        }
      },
      "17": {
        "name": "random",
        "line": 284,
        "loc": {
          "start": { "line": 284, "column": 4 },
          "end": { "line": 289, "column": 4 }
        }
      },
      "18": {
        "name": "increaseNonce",
        "line": 291,
        "loc": {
          "start": { "line": 291, "column": 4 },
          "end": { "line": 293, "column": 4 }
        }
      },
      "19": {
        "name": "onlyReceiver",
        "line": 297,
        "loc": {
          "start": { "line": 297, "column": 4 },
          "end": { "line": 303, "column": 4 }
        }
      },
      "20": {
        "name": "onlySender",
        "line": 305,
        "loc": {
          "start": { "line": 305, "column": 4 },
          "end": { "line": 311, "column": 4 }
        }
      },
      "21": {
        "name": "orderConfirmable",
        "line": 313,
        "loc": {
          "start": { "line": 313, "column": 4 },
          "end": { "line": 319, "column": 4 }
        }
      },
      "22": {
        "name": "orderRejectable",
        "line": 321,
        "loc": {
          "start": { "line": 321, "column": 4 },
          "end": { "line": 327, "column": 4 }
        }
      },
      "23": {
        "name": "orderShipable",
        "line": 329,
        "loc": {
          "start": { "line": 329, "column": 4 },
          "end": { "line": 335, "column": 4 }
        }
      },
      "24": {
        "name": "orderAcceptable",
        "line": 337,
        "loc": {
          "start": { "line": 337, "column": 4 },
          "end": { "line": 343, "column": 4 }
        }
      },
      "25": {
        "name": "orderCancellable",
        "line": 345,
        "loc": {
          "start": { "line": 345, "column": 4 },
          "end": { "line": 351, "column": 4 }
        }
      },
      "26": {
        "name": "orderOnholdable",
        "line": 353,
        "loc": {
          "start": { "line": 353, "column": 4 },
          "end": { "line": 359, "column": 4 }
        }
      },
      "27": {
        "name": "orderReturnable",
        "line": 361,
        "loc": {
          "start": { "line": 361, "column": 4 },
          "end": { "line": 367, "column": 4 }
        }
      },
      "28": {
        "name": "verifycaller",
        "line": 369,
        "loc": {
          "start": { "line": 369, "column": 4 },
          "end": { "line": 378, "column": 4 }
        }
      }
    },
    "statementMap": {
      "1": {
        "start": { "line": 43, "column": 8 },
        "end": { "line": 43, "column": 1115 }
      },
      "2": {
        "start": { "line": 55, "column": 8 },
        "end": { "line": 55, "column": 26 }
      },
      "3": {
        "start": { "line": 57, "column": 8 },
        "end": { "line": 57, "column": 73 }
      },
      "4": {
        "start": { "line": 58, "column": 8 },
        "end": { "line": 58, "column": 70 }
      },
      "5": {
        "start": { "line": 59, "column": 8 },
        "end": { "line": 59, "column": 78 }
      },
      "6": {
        "start": { "line": 73, "column": 8 },
        "end": { "line": 73, "column": 52 }
      },
      "7": {
        "start": { "line": 79, "column": 8 },
        "end": { "line": 79, "column": 2365 }
      },
      "8": {
        "start": { "line": 94, "column": 8 },
        "end": { "line": 94, "column": 52 }
      },
      "9": {
        "start": { "line": 97, "column": 8 },
        "end": { "line": 97, "column": 2855 }
      },
      "10": {
        "start": { "line": 102, "column": 8 },
        "end": { "line": 102, "column": 2993 }
      },
      "11": {
        "start": { "line": 107, "column": 8 },
        "end": { "line": 107, "column": 3133 }
      },
      "12": {
        "start": { "line": 122, "column": 8 },
        "end": { "line": 122, "column": 52 }
      },
      "13": {
        "start": { "line": 125, "column": 8 },
        "end": { "line": 125, "column": 3619 }
      },
      "14": {
        "start": { "line": 130, "column": 8 },
        "end": { "line": 130, "column": 3756 }
      },
      "15": {
        "start": { "line": 135, "column": 8 },
        "end": { "line": 135, "column": 3895 }
      },
      "16": {
        "start": { "line": 150, "column": 8 },
        "end": { "line": 150, "column": 52 }
      },
      "17": {
        "start": { "line": 153, "column": 8 },
        "end": { "line": 153, "column": 4384 }
      },
      "18": {
        "start": { "line": 158, "column": 8 },
        "end": { "line": 158, "column": 4523 }
      },
      "19": {
        "start": { "line": 163, "column": 8 },
        "end": { "line": 163, "column": 4664 }
      },
      "20": {
        "start": { "line": 178, "column": 8 },
        "end": { "line": 178, "column": 52 }
      },
      "21": {
        "start": { "line": 181, "column": 8 },
        "end": { "line": 181, "column": 5156 }
      },
      "22": {
        "start": { "line": 186, "column": 8 },
        "end": { "line": 186, "column": 5295 }
      },
      "23": {
        "start": { "line": 191, "column": 8 },
        "end": { "line": 191, "column": 5436 }
      },
      "24": {
        "start": { "line": 201, "column": 8 },
        "end": { "line": 201, "column": 52 }
      },
      "25": {
        "start": { "line": 204, "column": 8 },
        "end": { "line": 204, "column": 5860 }
      },
      "26": {
        "start": { "line": 215, "column": 8 },
        "end": { "line": 215, "column": 30 }
      },
      "27": {
        "start": { "line": 219, "column": 8 },
        "end": { "line": 219, "column": 21 }
      },
      "28": {
        "start": { "line": 225, "column": 8 },
        "end": { "line": 225, "column": 45 }
      },
      "29": {
        "start": { "line": 231, "column": 8 },
        "end": { "line": 231, "column": 45 }
      },
      "30": {
        "start": { "line": 237, "column": 8 },
        "end": { "line": 237, "column": 44 }
      },
      "31": {
        "start": { "line": 241, "column": 8 },
        "end": { "line": 241, "column": 28 }
      },
      "32": {
        "start": { "line": 251, "column": 8 },
        "end": { "line": 251, "column": 7038 }
      },
      "33": {
        "start": { "line": 252, "column": 12 },
        "end": { "line": 252, "column": 56 }
      },
      "34": {
        "start": { "line": 253, "column": 15 },
        "end": { "line": 253, "column": 7157 }
      },
      "35": {
        "start": { "line": 254, "column": 12 },
        "end": { "line": 254, "column": 66 }
      },
      "36": {
        "start": { "line": 255, "column": 12 },
        "end": { "line": 255, "column": 56 }
      },
      "37": {
        "start": { "line": 256, "column": 15 },
        "end": { "line": 256, "column": 7347 }
      },
      "38": {
        "start": { "line": 257, "column": 12 },
        "end": { "line": 257, "column": 66 }
      },
      "39": {
        "start": { "line": 258, "column": 12 },
        "end": { "line": 258, "column": 55 }
      },
      "40": {
        "start": { "line": 259, "column": 15 },
        "end": { "line": 259, "column": 7538 }
      },
      "41": {
        "start": { "line": 260, "column": 12 },
        "end": { "line": 260, "column": 66 }
      },
      "42": {
        "start": { "line": 261, "column": 12 },
        "end": { "line": 261, "column": 55 }
      },
      "43": {
        "start": { "line": 262, "column": 15 },
        "end": { "line": 262, "column": 7729 }
      },
      "44": {
        "start": { "line": 263, "column": 12 },
        "end": { "line": 263, "column": 66 }
      },
      "45": {
        "start": { "line": 264, "column": 12 },
        "end": { "line": 264, "column": 55 }
      },
      "46": {
        "start": { "line": 272, "column": 8 },
        "end": { "line": 272, "column": 8045 }
      },
      "47": {
        "start": { "line": 273, "column": 12 },
        "end": { "line": 273, "column": 8108 }
      },
      "48": {
        "start": { "line": 278, "column": 16 },
        "end": { "line": 278, "column": 27 }
      },
      "49": {
        "start": { "line": 285, "column": 8 },
        "end": { "line": 285, "column": 8453 }
      },
      "50": {
        "start": { "line": 298, "column": 8 },
        "end": { "line": 298, "column": 8745 }
      },
      "51": {
        "start": { "line": 306, "column": 8 },
        "end": { "line": 306, "column": 8964 }
      },
      "52": {
        "start": { "line": 314, "column": 8 },
        "end": { "line": 314, "column": 9186 }
      },
      "53": {
        "start": { "line": 322, "column": 8 },
        "end": { "line": 322, "column": 9398 }
      },
      "54": {
        "start": { "line": 330, "column": 8 },
        "end": { "line": 330, "column": 9607 }
      },
      "55": {
        "start": { "line": 338, "column": 8 },
        "end": { "line": 338, "column": 9817 }
      },
      "56": {
        "start": { "line": 346, "column": 8 },
        "end": { "line": 346, "column": 10030 }
      },
      "57": {
        "start": { "line": 354, "column": 8 },
        "end": { "line": 354, "column": 10243 }
      },
      "58": {
        "start": { "line": 362, "column": 8 },
        "end": { "line": 362, "column": 10455 }
      },
      "59": {
        "start": { "line": 370, "column": 8 },
        "end": { "line": 370, "column": 10658 }
      }
    },
    "branchMap": {
      "1": {
        "line": 42,
        "type": "if",
        "locations": [
          {
            "start": { "line": 42, "column": 13 },
            "end": { "line": 42, "column": 13 }
          },
          {
            "start": { "line": 42, "column": 13 },
            "end": { "line": 42, "column": 13 }
          }
        ]
      },
      "2": {
        "line": 69,
        "type": "if",
        "locations": [
          {
            "start": { "line": 69, "column": 8 },
            "end": { "line": 69, "column": 8 }
          },
          {
            "start": { "line": 69, "column": 8 },
            "end": { "line": 69, "column": 8 }
          }
        ]
      },
      "3": {
        "line": 70,
        "type": "if",
        "locations": [
          {
            "start": { "line": 70, "column": 8 },
            "end": { "line": 70, "column": 8 }
          },
          {
            "start": { "line": 70, "column": 8 },
            "end": { "line": 70, "column": 8 }
          }
        ]
      },
      "4": {
        "line": 71,
        "type": "if",
        "locations": [
          {
            "start": { "line": 71, "column": 8 },
            "end": { "line": 71, "column": 8 }
          },
          {
            "start": { "line": 71, "column": 8 },
            "end": { "line": 71, "column": 8 }
          }
        ]
      },
      "5": {
        "line": 90,
        "type": "if",
        "locations": [
          {
            "start": { "line": 90, "column": 8 },
            "end": { "line": 90, "column": 8 }
          },
          {
            "start": { "line": 90, "column": 8 },
            "end": { "line": 90, "column": 8 }
          }
        ]
      },
      "6": {
        "line": 91,
        "type": "if",
        "locations": [
          {
            "start": { "line": 91, "column": 8 },
            "end": { "line": 91, "column": 8 }
          },
          {
            "start": { "line": 91, "column": 8 },
            "end": { "line": 91, "column": 8 }
          }
        ]
      },
      "7": {
        "line": 92,
        "type": "if",
        "locations": [
          {
            "start": { "line": 92, "column": 8 },
            "end": { "line": 92, "column": 8 }
          },
          {
            "start": { "line": 92, "column": 8 },
            "end": { "line": 92, "column": 8 }
          }
        ]
      },
      "8": {
        "line": 118,
        "type": "if",
        "locations": [
          {
            "start": { "line": 118, "column": 8 },
            "end": { "line": 118, "column": 8 }
          },
          {
            "start": { "line": 118, "column": 8 },
            "end": { "line": 118, "column": 8 }
          }
        ]
      },
      "9": {
        "line": 119,
        "type": "if",
        "locations": [
          {
            "start": { "line": 119, "column": 8 },
            "end": { "line": 119, "column": 8 }
          },
          {
            "start": { "line": 119, "column": 8 },
            "end": { "line": 119, "column": 8 }
          }
        ]
      },
      "10": {
        "line": 120,
        "type": "if",
        "locations": [
          {
            "start": { "line": 120, "column": 8 },
            "end": { "line": 120, "column": 8 }
          },
          {
            "start": { "line": 120, "column": 8 },
            "end": { "line": 120, "column": 8 }
          }
        ]
      },
      "11": {
        "line": 146,
        "type": "if",
        "locations": [
          {
            "start": { "line": 146, "column": 8 },
            "end": { "line": 146, "column": 8 }
          },
          {
            "start": { "line": 146, "column": 8 },
            "end": { "line": 146, "column": 8 }
          }
        ]
      },
      "12": {
        "line": 147,
        "type": "if",
        "locations": [
          {
            "start": { "line": 147, "column": 8 },
            "end": { "line": 147, "column": 8 }
          },
          {
            "start": { "line": 147, "column": 8 },
            "end": { "line": 147, "column": 8 }
          }
        ]
      },
      "13": {
        "line": 148,
        "type": "if",
        "locations": [
          {
            "start": { "line": 148, "column": 8 },
            "end": { "line": 148, "column": 8 }
          },
          {
            "start": { "line": 148, "column": 8 },
            "end": { "line": 148, "column": 8 }
          }
        ]
      },
      "14": {
        "line": 174,
        "type": "if",
        "locations": [
          {
            "start": { "line": 174, "column": 8 },
            "end": { "line": 174, "column": 8 }
          },
          {
            "start": { "line": 174, "column": 8 },
            "end": { "line": 174, "column": 8 }
          }
        ]
      },
      "15": {
        "line": 175,
        "type": "if",
        "locations": [
          {
            "start": { "line": 175, "column": 8 },
            "end": { "line": 175, "column": 8 }
          },
          {
            "start": { "line": 175, "column": 8 },
            "end": { "line": 175, "column": 8 }
          }
        ]
      },
      "16": {
        "line": 176,
        "type": "if",
        "locations": [
          {
            "start": { "line": 176, "column": 8 },
            "end": { "line": 176, "column": 8 }
          },
          {
            "start": { "line": 176, "column": 8 },
            "end": { "line": 176, "column": 8 }
          }
        ]
      },
      "17": {
        "line": 200,
        "type": "if",
        "locations": [
          {
            "start": { "line": 200, "column": 13 },
            "end": { "line": 200, "column": 13 }
          },
          {
            "start": { "line": 200, "column": 13 },
            "end": { "line": 200, "column": 13 }
          }
        ]
      },
      "18": {
        "line": 200,
        "type": "if",
        "locations": [
          {
            "start": { "line": 200, "column": 36 },
            "end": { "line": 200, "column": 36 }
          },
          {
            "start": { "line": 200, "column": 36 },
            "end": { "line": 200, "column": 36 }
          }
        ]
      },
      "19": {
        "line": 251,
        "type": "if",
        "locations": [
          {
            "start": { "line": 251, "column": 8 },
            "end": { "line": 251, "column": 8 }
          },
          {
            "start": { "line": 251, "column": 8 },
            "end": { "line": 251, "column": 8 }
          }
        ]
      },
      "20": {
        "line": 253,
        "type": "if",
        "locations": [
          {
            "start": { "line": 253, "column": 15 },
            "end": { "line": 253, "column": 15 }
          },
          {
            "start": { "line": 253, "column": 15 },
            "end": { "line": 253, "column": 15 }
          }
        ]
      },
      "21": {
        "line": 256,
        "type": "if",
        "locations": [
          {
            "start": { "line": 256, "column": 15 },
            "end": { "line": 256, "column": 15 }
          },
          {
            "start": { "line": 256, "column": 15 },
            "end": { "line": 256, "column": 15 }
          }
        ]
      },
      "22": {
        "line": 259,
        "type": "if",
        "locations": [
          {
            "start": { "line": 259, "column": 15 },
            "end": { "line": 259, "column": 15 }
          },
          {
            "start": { "line": 259, "column": 15 },
            "end": { "line": 259, "column": 15 }
          }
        ]
      },
      "23": {
        "line": 262,
        "type": "if",
        "locations": [
          {
            "start": { "line": 262, "column": 15 },
            "end": { "line": 262, "column": 15 }
          },
          {
            "start": { "line": 262, "column": 15 },
            "end": { "line": 262, "column": 15 }
          }
        ]
      },
      "24": {
        "line": 273,
        "type": "if",
        "locations": [
          {
            "start": { "line": 273, "column": 12 },
            "end": { "line": 273, "column": 12 }
          },
          {
            "start": { "line": 273, "column": 12 },
            "end": { "line": 273, "column": 12 }
          }
        ]
      },
      "25": {
        "line": 298,
        "type": "if",
        "locations": [
          {
            "start": { "line": 298, "column": 8 },
            "end": { "line": 298, "column": 8 }
          },
          {
            "start": { "line": 298, "column": 8 },
            "end": { "line": 298, "column": 8 }
          }
        ]
      },
      "26": {
        "line": 306,
        "type": "if",
        "locations": [
          {
            "start": { "line": 306, "column": 8 },
            "end": { "line": 306, "column": 8 }
          },
          {
            "start": { "line": 306, "column": 8 },
            "end": { "line": 306, "column": 8 }
          }
        ]
      },
      "27": {
        "line": 314,
        "type": "if",
        "locations": [
          {
            "start": { "line": 314, "column": 8 },
            "end": { "line": 314, "column": 8 }
          },
          {
            "start": { "line": 314, "column": 8 },
            "end": { "line": 314, "column": 8 }
          }
        ]
      },
      "28": {
        "line": 322,
        "type": "if",
        "locations": [
          {
            "start": { "line": 322, "column": 8 },
            "end": { "line": 322, "column": 8 }
          },
          {
            "start": { "line": 322, "column": 8 },
            "end": { "line": 322, "column": 8 }
          }
        ]
      },
      "29": {
        "line": 330,
        "type": "if",
        "locations": [
          {
            "start": { "line": 330, "column": 8 },
            "end": { "line": 330, "column": 8 }
          },
          {
            "start": { "line": 330, "column": 8 },
            "end": { "line": 330, "column": 8 }
          }
        ]
      },
      "30": {
        "line": 338,
        "type": "if",
        "locations": [
          {
            "start": { "line": 338, "column": 8 },
            "end": { "line": 338, "column": 8 }
          },
          {
            "start": { "line": 338, "column": 8 },
            "end": { "line": 338, "column": 8 }
          }
        ]
      },
      "31": {
        "line": 346,
        "type": "if",
        "locations": [
          {
            "start": { "line": 346, "column": 8 },
            "end": { "line": 346, "column": 8 }
          },
          {
            "start": { "line": 346, "column": 8 },
            "end": { "line": 346, "column": 8 }
          }
        ]
      },
      "32": {
        "line": 354,
        "type": "if",
        "locations": [
          {
            "start": { "line": 354, "column": 8 },
            "end": { "line": 354, "column": 8 }
          },
          {
            "start": { "line": 354, "column": 8 },
            "end": { "line": 354, "column": 8 }
          }
        ]
      },
      "33": {
        "line": 362,
        "type": "if",
        "locations": [
          {
            "start": { "line": 362, "column": 8 },
            "end": { "line": 362, "column": 8 }
          },
          {
            "start": { "line": 362, "column": 8 },
            "end": { "line": 362, "column": 8 }
          }
        ]
      },
      "34": {
        "line": 370,
        "type": "if",
        "locations": [
          {
            "start": { "line": 370, "column": 8 },
            "end": { "line": 370, "column": 8 }
          },
          {
            "start": { "line": 370, "column": 8 },
            "end": { "line": 370, "column": 8 }
          }
        ]
      },
      "35": {
        "line": 371,
        "type": "cond-expr",
        "locations": [
          {
            "start": { "line": 371, "column": 12 },
            "end": { "line": 371, "column": 48 }
          },
          {
            "start": { "line": 372, "column": 16 },
            "end": { "line": 372, "column": 51 }
          }
        ]
      },
      "36": {
        "line": 371,
        "type": "cond-expr",
        "locations": [
          {
            "start": { "line": 371, "column": 12 },
            "end": { "line": 372, "column": 51 }
          },
          {
            "start": { "line": 373, "column": 16 },
            "end": { "line": 373, "column": 50 }
          }
        ]
      },
      "37": {
        "line": 371,
        "type": "cond-expr",
        "locations": [
          {
            "start": { "line": 371, "column": 12 },
            "end": { "line": 373, "column": 50 }
          },
          {
            "start": { "line": 374, "column": 16 },
            "end": { "line": 374, "column": 48 }
          }
        ]
      }
    }
  },
  "contracts\\Products.sol": {
    "l": {
      "34": 7,
      "38": 7,
      "49": 7,
      "50": 7,
      "53": 7,
      "63": 7,
      "65": 7,
      "81": 0,
      "82": 0,
      "83": 0,
      "100": 0,
      "101": 0,
      "111": 0,
      "112": 0,
      "134": 0,
      "143": 0,
      "144": 0,
      "157": 0,
      "158": 0,
      "159": 0,
      "160": 0,
      "161": 0,
      "162": 0,
      "165": 0,
      "166": 0,
      "167": 0,
      "169": 0,
      "185": 0,
      "186": 0,
      "187": 0,
      "188": 0,
      "189": 0,
      "198": 0,
      "202": 0,
      "206": 0,
      "207": 0,
      "209": 0,
      "223": 7,
      "242": 0
    },
    "path": "D:\\Workspace\\project\\backend\\contracts\\Products.sol",
    "s": {
      "1": 7,
      "2": 7,
      "3": 7,
      "4": 7,
      "5": 7,
      "6": 0,
      "7": 0,
      "8": 0,
      "9": 0,
      "10": 0,
      "11": 0,
      "12": 0,
      "13": 0,
      "14": 0,
      "15": 0,
      "16": 0,
      "17": 0,
      "18": 0,
      "19": 0,
      "20": 0,
      "21": 0,
      "22": 0,
      "23": 0,
      "24": 0,
      "25": 0,
      "26": 0,
      "27": 0,
      "28": 0,
      "29": 0,
      "30": 0,
      "31": 7,
      "32": 0
    },
    "b": { "1": [7, 0], "2": [0, 0], "3": [0, 0], "4": [0, 0], "5": [0, 0] },
    "f": {
      "1": 7,
      "2": 0,
      "3": 0,
      "4": 0,
      "5": 0,
      "6": 0,
      "7": 0,
      "8": 0,
      "9": 0,
      "10": 0,
      "11": 7,
      "12": 0
    },
    "fnMap": {
      "1": {
        "name": "createProduct",
        "line": 33,
        "loc": {
          "start": { "line": 33, "column": 4 },
          "end": { "line": 72, "column": 4 }
        }
      },
      "2": {
        "name": "verifyProduct",
        "line": 74,
        "loc": {
          "start": { "line": 74, "column": 4 },
          "end": { "line": 88, "column": 4 }
        }
      },
      "3": {
        "name": "sell",
        "line": 90,
        "loc": {
          "start": { "line": 90, "column": 4 },
          "end": { "line": 122, "column": 4 }
        }
      },
      "4": {
        "name": "transferProduct",
        "line": 124,
        "loc": {
          "start": { "line": 124, "column": 4 },
          "end": { "line": 151, "column": 4 }
        }
      },
      "5": {
        "name": "verifyTransfer",
        "line": 153,
        "loc": {
          "start": { "line": 153, "column": 4 },
          "end": { "line": 170, "column": 4 }
        }
      },
      "6": {
        "name": "renounceTransfer",
        "line": 172,
        "loc": {
          "start": { "line": 172, "column": 4 },
          "end": { "line": 179, "column": 4 }
        }
      },
      "7": {
        "name": "popMatchKey",
        "line": 181,
        "loc": {
          "start": { "line": 181, "column": 4 },
          "end": { "line": 192, "column": 4 }
        }
      },
      "8": {
        "name": "getUserKey",
        "line": 195,
        "loc": {
          "start": { "line": 195, "column": 4 },
          "end": { "line": 199, "column": 4 }
        }
      },
      "9": {
        "name": "getLedger",
        "line": 201,
        "loc": {
          "start": { "line": 201, "column": 4 },
          "end": { "line": 203, "column": 4 }
        }
      },
      "10": {
        "name": "getRootKey",
        "line": 205,
        "loc": {
          "start": { "line": 205, "column": 4 },
          "end": { "line": 210, "column": 4 }
        }
      },
      "11": {
        "name": "generateLedgerKey",
        "line": 213,
        "loc": {
          "start": { "line": 213, "column": 4 },
          "end": { "line": 236, "column": 4 }
        }
      },
      "12": {
        "name": "compareStrings",
        "line": 238,
        "loc": {
          "start": { "line": 238, "column": 4 },
          "end": { "line": 244, "column": 4 }
        }
      }
    },
    "statementMap": {
      "1": {
        "start": { "line": 34, "column": 8 },
        "end": { "line": 34, "column": 1257 }
      },
      "2": {
        "start": { "line": 38, "column": 8 },
        "end": { "line": 38, "column": 1379 }
      },
      "3": {
        "start": { "line": 49, "column": 8 },
        "end": { "line": 49, "column": 30 }
      },
      "4": {
        "start": { "line": 63, "column": 8 },
        "end": { "line": 63, "column": 36 }
      },
      "5": {
        "start": { "line": 65, "column": 8 },
        "end": { "line": 65, "column": 2139 }
      },
      "6": {
        "start": { "line": 81, "column": 8 },
        "end": { "line": 81, "column": 44 }
      },
      "7": {
        "start": { "line": 82, "column": 8 },
        "end": { "line": 82, "column": 52 }
      },
      "8": {
        "start": { "line": 83, "column": 8 },
        "end": { "line": 83, "column": 2745 }
      },
      "9": {
        "start": { "line": 100, "column": 8 },
        "end": { "line": 100, "column": 42 }
      },
      "10": {
        "start": { "line": 101, "column": 8 },
        "end": { "line": 101, "column": 3294 }
      },
      "11": {
        "start": { "line": 111, "column": 8 },
        "end": { "line": 111, "column": 44 }
      },
      "12": {
        "start": { "line": 112, "column": 8 },
        "end": { "line": 112, "column": 3585 }
      },
      "13": {
        "start": { "line": 143, "column": 8 },
        "end": { "line": 143, "column": 43 }
      },
      "14": {
        "start": { "line": 144, "column": 8 },
        "end": { "line": 144, "column": 4484 }
      },
      "15": {
        "start": { "line": 157, "column": 8 },
        "end": { "line": 157, "column": 55 }
      },
      "16": {
        "start": { "line": 158, "column": 8 },
        "end": { "line": 158, "column": 31 }
      },
      "17": {
        "start": { "line": 159, "column": 8 },
        "end": { "line": 159, "column": 4865 }
      },
      "18": {
        "start": { "line": 161, "column": 12 },
        "end": { "line": 161, "column": 4988 }
      },
      "19": {
        "start": { "line": 162, "column": 16 },
        "end": { "line": 162, "column": 47 }
      },
      "20": {
        "start": { "line": 166, "column": 8 },
        "end": { "line": 166, "column": 5149 }
      },
      "21": {
        "start": { "line": 167, "column": 12 },
        "end": { "line": 167, "column": 40 }
      },
      "22": {
        "start": { "line": 169, "column": 8 },
        "end": { "line": 169, "column": 19 }
      },
      "23": {
        "start": { "line": 185, "column": 8 },
        "end": { "line": 185, "column": 5620 }
      },
      "24": {
        "start": { "line": 186, "column": 12 },
        "end": { "line": 186, "column": 5683 }
      },
      "25": {
        "start": { "line": 188, "column": 16 },
        "end": { "line": 188, "column": 27 }
      },
      "26": {
        "start": { "line": 198, "column": 8 },
        "end": { "line": 198, "column": 36 }
      },
      "27": {
        "start": { "line": 202, "column": 8 },
        "end": { "line": 202, "column": 27 }
      },
      "28": {
        "start": { "line": 206, "column": 8 },
        "end": { "line": 206, "column": 6231 }
      },
      "29": {
        "start": { "line": 207, "column": 12 },
        "end": { "line": 207, "column": 35 }
      },
      "30": {
        "start": { "line": 209, "column": 8 },
        "end": { "line": 209, "column": 45 }
      },
      "31": {
        "start": { "line": 223, "column": 8 },
        "end": { "line": 223, "column": 6767 }
      },
      "32": {
        "start": { "line": 242, "column": 8 },
        "end": { "line": 242, "column": 7275 }
      }
    },
    "branchMap": {
      "1": {
        "line": 34,
        "type": "if",
        "locations": [
          {
            "start": { "line": 34, "column": 8 },
            "end": { "line": 34, "column": 8 }
          },
          {
            "start": { "line": 34, "column": 8 },
            "end": { "line": 34, "column": 8 }
          }
        ]
      },
      "2": {
        "line": 161,
        "type": "if",
        "locations": [
          {
            "start": { "line": 161, "column": 12 },
            "end": { "line": 161, "column": 12 }
          },
          {
            "start": { "line": 161, "column": 12 },
            "end": { "line": 161, "column": 12 }
          }
        ]
      },
      "3": {
        "line": 166,
        "type": "if",
        "locations": [
          {
            "start": { "line": 166, "column": 8 },
            "end": { "line": 166, "column": 8 }
          },
          {
            "start": { "line": 166, "column": 8 },
            "end": { "line": 166, "column": 8 }
          }
        ]
      },
      "4": {
        "line": 186,
        "type": "if",
        "locations": [
          {
            "start": { "line": 186, "column": 12 },
            "end": { "line": 186, "column": 12 }
          },
          {
            "start": { "line": 186, "column": 12 },
            "end": { "line": 186, "column": 12 }
          }
        ]
      },
      "5": {
        "line": 206,
        "type": "if",
        "locations": [
          {
            "start": { "line": 206, "column": 8 },
            "end": { "line": 206, "column": 8 }
          },
          {
            "start": { "line": 206, "column": 8 },
            "end": { "line": 206, "column": 8 }
          }
        ]
      }
    }
  },
  "contracts\\Registration.sol": {
    "l": {
      "26": 109,
      "27": 29,
      "28": 29,
      "35": 29,
      "36": 29,
      "43": 29,
      "44": 29,
      "51": 22,
      "52": 21,
      "60": 108,
      "61": 108,
      "62": 108,
      "69": 4,
      "75": 110,
      "76": 109,
      "83": 262
    },
    "path": "D:\\Workspace\\project\\backend\\contracts\\Registration.sol",
    "s": {
      "1": 109,
      "2": 29,
      "3": 80,
      "4": 29,
      "5": 51,
      "6": 29,
      "7": 22,
      "8": 22,
      "9": 108,
      "10": 108,
      "11": 108,
      "12": 4,
      "13": 110,
      "14": 262
    },
    "b": {
      "1": [109, 1],
      "2": [29, 80],
      "3": [29, 51],
      "4": [29, 22],
      "5": [22, 0],
      "6": [108, 0],
      "7": [109, 1]
    },
    "f": { "1": 109, "2": 4, "3": 114, "4": 110, "5": 262 },
    "fnMap": {
      "1": {
        "name": "addUser",
        "line": 25,
        "loc": {
          "start": { "line": 21, "column": 4 },
          "end": { "line": 64, "column": 4 }
        }
      },
      "2": {
        "name": "getUserDetails",
        "line": 66,
        "loc": {
          "start": { "line": 66, "column": 4 },
          "end": { "line": 70, "column": 4 }
        }
      },
      "3": {
        "name": "constructor",
        "line": 72,
        "loc": {
          "start": { "line": 72, "column": 4 },
          "end": { "line": 72, "column": 19 }
        }
      },
      "4": {
        "name": "onlyOwner",
        "line": 74,
        "loc": {
          "start": { "line": 74, "column": 4 },
          "end": { "line": 77, "column": 4 }
        }
      },
      "5": {
        "name": "compareStrings",
        "line": 79,
        "loc": {
          "start": { "line": 79, "column": 4 },
          "end": { "line": 85, "column": 4 }
        }
      }
    },
    "statementMap": {
      "1": {
        "start": { "line": 26, "column": 8 },
        "end": { "line": 26, "column": 679 }
      },
      "2": {
        "start": { "line": 27, "column": 12 },
        "end": { "line": 27, "column": 31 }
      },
      "3": {
        "start": { "line": 34, "column": 15 },
        "end": { "line": 34, "column": 971 }
      },
      "4": {
        "start": { "line": 35, "column": 12 },
        "end": { "line": 35, "column": 30 }
      },
      "5": {
        "start": { "line": 42, "column": 15 },
        "end": { "line": 42, "column": 1260 }
      },
      "6": {
        "start": { "line": 43, "column": 12 },
        "end": { "line": 43, "column": 29 }
      },
      "7": {
        "start": { "line": 50, "column": 15 },
        "end": { "line": 50, "column": 1546 }
      },
      "8": {
        "start": { "line": 51, "column": 12 },
        "end": { "line": 51, "column": 27 }
      },
      "9": {
        "start": { "line": 60, "column": 8 },
        "end": { "line": 60, "column": 1832 }
      },
      "10": {
        "start": { "line": 61, "column": 12 },
        "end": { "line": 61, "column": 43 }
      },
      "11": {
        "start": { "line": 62, "column": 12 },
        "end": { "line": 62, "column": 31 }
      },
      "12": {
        "start": { "line": 69, "column": 8 },
        "end": { "line": 69, "column": 25 }
      },
      "13": {
        "start": { "line": 75, "column": 8 },
        "end": { "line": 75, "column": 73 }
      },
      "14": {
        "start": { "line": 83, "column": 8 },
        "end": { "line": 83, "column": 2411 }
      }
    },
    "branchMap": {
      "1": {
        "line": 25,
        "type": "if",
        "locations": [
          {
            "start": { "line": 25, "column": 13 },
            "end": { "line": 25, "column": 13 }
          },
          {
            "start": { "line": 25, "column": 13 },
            "end": { "line": 25, "column": 13 }
          }
        ]
      },
      "2": {
        "line": 26,
        "type": "if",
        "locations": [
          {
            "start": { "line": 26, "column": 8 },
            "end": { "line": 26, "column": 8 }
          },
          {
            "start": { "line": 26, "column": 8 },
            "end": { "line": 26, "column": 8 }
          }
        ]
      },
      "3": {
        "line": 34,
        "type": "if",
        "locations": [
          {
            "start": { "line": 34, "column": 15 },
            "end": { "line": 34, "column": 15 }
          },
          {
            "start": { "line": 34, "column": 15 },
            "end": { "line": 34, "column": 15 }
          }
        ]
      },
      "4": {
        "line": 42,
        "type": "if",
        "locations": [
          {
            "start": { "line": 42, "column": 15 },
            "end": { "line": 42, "column": 15 }
          },
          {
            "start": { "line": 42, "column": 15 },
            "end": { "line": 42, "column": 15 }
          }
        ]
      },
      "5": {
        "line": 50,
        "type": "if",
        "locations": [
          {
            "start": { "line": 50, "column": 15 },
            "end": { "line": 50, "column": 15 }
          },
          {
            "start": { "line": 50, "column": 15 },
            "end": { "line": 50, "column": 15 }
          }
        ]
      },
      "6": {
        "line": 60,
        "type": "if",
        "locations": [
          {
            "start": { "line": 60, "column": 8 },
            "end": { "line": 60, "column": 8 }
          },
          {
            "start": { "line": 60, "column": 8 },
            "end": { "line": 60, "column": 8 }
          }
        ]
      },
      "7": {
        "line": 75,
        "type": "if",
        "locations": [
          {
            "start": { "line": 75, "column": 8 },
            "end": { "line": 75, "column": 8 }
          },
          {
            "start": { "line": 75, "column": 8 },
            "end": { "line": 75, "column": 8 }
          }
        ]
      }
    }
  },
  "contracts\\Registry.sol": {
    "l": {
      "11": 114,
      "19": 108,
      "20": 108,
      "21": 108,
      "25": 108,
      "29": 108,
      "33": 108,
      "34": 108,
      "35": 249,
      "36": 0,
      "38": 249,
      "40": 108,
      "44": 0,
      "48": 249
    },
    "path": "D:\\Workspace\\project\\backend\\contracts\\Registry.sol",
    "s": {
      "1": 108,
      "2": 108,
      "3": 108,
      "4": 108,
      "5": 108,
      "6": 249,
      "7": 0,
      "8": 108,
      "9": 0,
      "10": 249
    },
    "b": { "1": [108, 0], "2": [0, 249] },
    "f": { "1": 114, "2": 108, "3": 108, "4": 108, "5": 0, "6": 249 },
    "fnMap": {
      "1": {
        "name": "constructor",
        "line": 10,
        "loc": {
          "start": { "line": 10, "column": 4 },
          "end": { "line": 12, "column": 4 }
        }
      },
      "2": {
        "name": "createRecord",
        "line": 18,
        "loc": {
          "start": { "line": 18, "column": 4 },
          "end": { "line": 26, "column": 4 }
        }
      },
      "3": {
        "name": "isExist",
        "line": 28,
        "loc": {
          "start": { "line": 28, "column": 4 },
          "end": { "line": 30, "column": 4 }
        }
      },
      "4": {
        "name": "checkUserRecords",
        "line": 32,
        "loc": {
          "start": { "line": 32, "column": 4 },
          "end": { "line": 41, "column": 4 }
        }
      },
      "5": {
        "name": "getID",
        "line": 43,
        "loc": {
          "start": { "line": 43, "column": 4 },
          "end": { "line": 45, "column": 4 }
        }
      },
      "6": {
        "name": "getAddress",
        "line": 47,
        "loc": {
          "start": { "line": 47, "column": 4 },
          "end": { "line": 49, "column": 4 }
        }
      }
    },
    "statementMap": {
      "1": {
        "start": { "line": 19, "column": 8 },
        "end": { "line": 19, "column": 73 }
      },
      "2": {
        "start": { "line": 25, "column": 8 },
        "end": { "line": 25, "column": 42 }
      },
      "3": {
        "start": { "line": 29, "column": 8 },
        "end": { "line": 29, "column": 39 }
      },
      "4": {
        "start": { "line": 33, "column": 8 },
        "end": { "line": 33, "column": 20 }
      },
      "5": {
        "start": { "line": 34, "column": 8 },
        "end": { "line": 34, "column": 917 }
      },
      "6": {
        "start": { "line": 35, "column": 12 },
        "end": { "line": 35, "column": 972 }
      },
      "7": {
        "start": { "line": 36, "column": 16 },
        "end": { "line": 36, "column": 27 }
      },
      "8": {
        "start": { "line": 40, "column": 8 },
        "end": { "line": 40, "column": 20 }
      },
      "9": {
        "start": { "line": 44, "column": 8 },
        "end": { "line": 44, "column": 30 }
      },
      "10": {
        "start": { "line": 48, "column": 8 },
        "end": { "line": 48, "column": 54 }
      }
    },
    "branchMap": {
      "1": {
        "line": 19,
        "type": "if",
        "locations": [
          {
            "start": { "line": 19, "column": 8 },
            "end": { "line": 19, "column": 8 }
          },
          {
            "start": { "line": 19, "column": 8 },
            "end": { "line": 19, "column": 8 }
          }
        ]
      },
      "2": {
        "line": 35,
        "type": "if",
        "locations": [
          {
            "start": { "line": 35, "column": 12 },
            "end": { "line": 35, "column": 12 }
          },
          {
            "start": { "line": 35, "column": 12 },
            "end": { "line": 35, "column": 12 }
          }
        ]
      }
    }
  },
  "contracts\\SupplyChain.sol": {
    "l": {
      "16": 15,
      "17": 15,
      "28": 7,
      "37": 7,
      "47": 0,
      "48": 0,
      "52": 0,
      "70": 0,
      "77": 0,
      "81": 0,
      "87": 0,
      "91": 10,
      "92": 7
    },
    "path": "D:\\Workspace\\project\\backend\\contracts\\SupplyChain.sol",
    "s": { "1": 7, "2": 7, "3": 0, "4": 0, "5": 0, "6": 0, "7": 0, "8": 10 },
    "b": {
      "1": [7, 3],
      "2": [0, 0],
      "3": [0, 0],
      "4": [0, 0],
      "5": [0, 0],
      "6": [0, 0],
      "7": [0, 0],
      "8": [0, 0],
      "9": [0, 0],
      "10": [0, 0],
      "11": [0, 0],
      "12": [7, 3]
    },
    "f": { "1": 15, "2": 7, "3": 0, "4": 0, "5": 0, "6": 0, "7": 10 },
    "fnMap": {
      "1": {
        "name": "constructor",
        "line": 15,
        "loc": {
          "start": { "line": 15, "column": 4 },
          "end": { "line": 18, "column": 4 }
        }
      },
      "2": {
        "name": "addProduct",
        "line": 27,
        "loc": {
          "start": { "line": 20, "column": 4 },
          "end": { "line": 38, "column": 4 }
        }
      },
      "3": {
        "name": "sellProduct",
        "line": 45,
        "loc": {
          "start": { "line": 40, "column": 4 },
          "end": { "line": 62, "column": 4 }
        }
      },
      "4": {
        "name": "returnProduct",
        "line": 67,
        "loc": {
          "start": { "line": 64, "column": 4 },
          "end": { "line": 67, "column": 39 }
        }
      },
      "5": {
        "name": "verifyCaller",
        "line": 69,
        "loc": {
          "start": { "line": 69, "column": 4 },
          "end": { "line": 78, "column": 4 }
        }
      },
      "6": {
        "name": "verifyUser",
        "line": 80,
        "loc": {
          "start": { "line": 80, "column": 4 },
          "end": { "line": 88, "column": 4 }
        }
      },
      "7": {
        "name": "onlyManufacturer",
        "line": 90,
        "loc": {
          "start": { "line": 90, "column": 4 },
          "end": { "line": 93, "column": 4 }
        }
      }
    },
    "statementMap": {
      "1": {
        "start": { "line": 28, "column": 8 },
        "end": { "line": 28, "column": 796 }
      },
      "2": {
        "start": { "line": 37, "column": 8 },
        "end": { "line": 37, "column": 29 }
      },
      "3": {
        "start": { "line": 47, "column": 8 },
        "end": { "line": 47, "column": 62 }
      },
      "4": {
        "start": { "line": 48, "column": 8 },
        "end": { "line": 48, "column": 1314 }
      },
      "5": {
        "start": { "line": 52, "column": 8 },
        "end": { "line": 52, "column": 1483 }
      },
      "6": {
        "start": { "line": 70, "column": 8 },
        "end": { "line": 70, "column": 1913 }
      },
      "7": {
        "start": { "line": 81, "column": 8 },
        "end": { "line": 81, "column": 2294 }
      },
      "8": {
        "start": { "line": 91, "column": 8 },
        "end": { "line": 91, "column": 55 }
      }
    },
    "branchMap": {
      "1": {
        "line": 27,
        "type": "if",
        "locations": [
          {
            "start": { "line": 27, "column": 13 },
            "end": { "line": 27, "column": 13 }
          },
          {
            "start": { "line": 27, "column": 13 },
            "end": { "line": 27, "column": 13 }
          }
        ]
      },
      "2": {
        "line": 45,
        "type": "if",
        "locations": [
          {
            "start": { "line": 45, "column": 8 },
            "end": { "line": 45, "column": 8 }
          },
          {
            "start": { "line": 45, "column": 8 },
            "end": { "line": 45, "column": 8 }
          }
        ]
      },
      "3": {
        "line": 67,
        "type": "if",
        "locations": [
          {
            "start": { "line": 67, "column": 13 },
            "end": { "line": 67, "column": 13 }
          },
          {
            "start": { "line": 67, "column": 13 },
            "end": { "line": 67, "column": 13 }
          }
        ]
      },
      "4": {
        "line": 70,
        "type": "if",
        "locations": [
          {
            "start": { "line": 70, "column": 8 },
            "end": { "line": 70, "column": 8 }
          },
          {
            "start": { "line": 70, "column": 8 },
            "end": { "line": 70, "column": 8 }
          }
        ]
      },
      "5": {
        "line": 72,
        "type": "cond-expr",
        "locations": [
          {
            "start": { "line": 72, "column": 17 },
            "end": { "line": 72, "column": 54 }
          },
          {
            "start": { "line": 73, "column": 20 },
            "end": { "line": 73, "column": 58 }
          }
        ]
      },
      "6": {
        "line": 72,
        "type": "cond-expr",
        "locations": [
          {
            "start": { "line": 72, "column": 17 },
            "end": { "line": 73, "column": 58 }
          },
          {
            "start": { "line": 74, "column": 20 },
            "end": { "line": 74, "column": 54 }
          }
        ]
      },
      "7": {
        "line": 72,
        "type": "cond-expr",
        "locations": [
          {
            "start": { "line": 72, "column": 17 },
            "end": { "line": 74, "column": 54 }
          },
          {
            "start": { "line": 75, "column": 20 },
            "end": { "line": 75, "column": 56 }
          }
        ]
      },
      "8": {
        "line": 81,
        "type": "if",
        "locations": [
          {
            "start": { "line": 81, "column": 8 },
            "end": { "line": 81, "column": 8 }
          },
          {
            "start": { "line": 81, "column": 8 },
            "end": { "line": 81, "column": 8 }
          }
        ]
      },
      "9": {
        "line": 82,
        "type": "cond-expr",
        "locations": [
          {
            "start": { "line": 82, "column": 13 },
            "end": { "line": 82, "column": 50 }
          },
          {
            "start": { "line": 83, "column": 16 },
            "end": { "line": 83, "column": 54 }
          }
        ]
      },
      "10": {
        "line": 82,
        "type": "cond-expr",
        "locations": [
          {
            "start": { "line": 82, "column": 13 },
            "end": { "line": 83, "column": 54 }
          },
          {
            "start": { "line": 84, "column": 16 },
            "end": { "line": 84, "column": 50 }
          }
        ]
      },
      "11": {
        "line": 82,
        "type": "cond-expr",
        "locations": [
          {
            "start": { "line": 82, "column": 13 },
            "end": { "line": 84, "column": 50 }
          },
          {
            "start": { "line": 85, "column": 16 },
            "end": { "line": 85, "column": 52 }
          }
        ]
      },
      "12": {
        "line": 91,
        "type": "if",
        "locations": [
          {
            "start": { "line": 91, "column": 8 },
            "end": { "line": 91, "column": 8 }
          },
          {
            "start": { "line": 91, "column": 8 },
            "end": { "line": 91, "column": 8 }
          }
        ]
      }
    }
  },
  "contracts\\Types.sol": {
    "l": {},
    "path": "D:\\Workspace\\project\\backend\\contracts\\Types.sol",
    "s": {},
    "b": {},
    "f": {},
    "fnMap": {},
    "statementMap": {},
    "branchMap": {}
  }
}
